'0:0:0:0:0:0:0:1 - - [24-03-05:14:23:27] "POST /gcapi/get/thirdtopic HTTP/1.1" 405 129 332082 PostmanRuntime/7.36.1'
'0:0:0:0:0:0:0:1 - - [24-03-05:14:24:13] "POST /gcapi/get/thirdtopic HTTP/1.1" 405 129 9401 PostmanRuntime/7.36.1'
'0:0:0:0:0:0:0:1 - - [24-03-05:14:25:35] "POST /gcapi/get/thirdtopic HTTP/1.1" 405 129 16452 PostmanRuntime/7.36.1'
'0:0:0:0:0:0:0:1 - - [24-03-05:14:26:14] "POST /gcapi/post/thirdtopic HTTP/1.1" 200 - 1031800 PostmanRuntime/7.36.1'
'0:0:0:0:0:0:0:1 - - [24-03-05:14:26:38] "POST /gcapi/post/thirdtopic HTTP/1.1" 500 133 39636 PostmanRuntime/7.36.1'
'0:0:0:0:0:0:0:1 - - [24-03-05:14:26:54] "POST /gcapi/post/thirdtopic HTTP/1.1" 200 - 362367 PostmanRuntime/7.36.1'
'0:0:0:0:0:0:0:1 - - [24-03-05:14:28:18] "POST /gcapi/post/fifthtopic HTTP/1.1" 200 - 1709437 PostmanRuntime/7.36.1'
'127.0.0.1 - - [24-03-05:14:39:32] "POST /gcapi/post/thirdtopic HTTP/1.1" 500 133 759727 ReactorNetty/1.1.15'
'127.0.0.1 - - [24-03-05:14:39:32] "POST /gcapi/post/thirdtopic HTTP/1.1" 500 133 759091 ReactorNetty/1.1.15'
'127.0.0.1 - - [24-03-05:14:39:32] "POST /gcapi/post/thirdtopic HTTP/1.1" 500 133 759885 ReactorNetty/1.1.15'
'127.0.0.1 - - [24-03-05:14:39:32] "POST /gcapi/post/thirdtopic HTTP/1.1" 500 133 758751 ReactorNetty/1.1.15'
'127.0.0.1 - - [24-03-05:14:39:32] "POST /gcapi/post/thirdtopic HTTP/1.1" 500 133 759204 ReactorNetty/1.1.15'
'127.0.0.1 - - [24-03-05:14:39:32] "POST /gcapi/post/thirdtopic HTTP/1.1" 500 133 759704 ReactorNetty/1.1.15'
'127.0.0.1 - - [24-03-05:14:39:32] "POST /gcapi/post/thirdtopic HTTP/1.1" 500 133 760785 ReactorNetty/1.1.15'
'127.0.0.1 - - [24-03-05:14:39:32] "POST /gcapi/post/thirdtopic HTTP/1.1" 500 133 760955 ReactorNetty/1.1.15'
'127.0.0.1 - - [24-03-05:14:39:32] "POST /gcapi/post/thirdtopic HTTP/1.1" 500 133 760946 ReactorNetty/1.1.15'
'127.0.0.1 - - [24-03-05:14:39:32] "POST /gcapi/post/thirdtopic HTTP/1.1" 500 133 760918 ReactorNetty/1.1.15'
'127.0.0.1 - - [24-03-05:14:39:34] "POST /gcapi/post/thirdtopic HTTP/1.1" 500 133 25860 ReactorNetty/1.1.15'
'127.0.0.1 - - [24-03-05:14:43:55] "POST /gcapi/post/thirdtopic HTTP/1.1" 200 - 1685797 ReactorNetty/1.1.15'
'127.0.0.1 - - [24-03-05:15:01:53] "POST /gcapi/post/thirdtopic HTTP/1.1" 200 - 1093290 ReactorNetty/1.1.15'
'0:0:0:0:0:0:0:1 - - [24-03-06:12:18:07] "POST /gcapi/post/thirdtopic HTTP/1.1" 200 - 1984185 PostmanRuntime/7.36.1'
'0:0:0:0:0:0:0:1 - - [24-03-06:12:19:08] "POST /gcapi/post/thirdtopic HTTP/1.1" 200 - 812909 PostmanRuntime/7.36.1'
'0:0:0:0:0:0:0:1 - - [24-03-06:13:31:09] "POST /gcapi/post/camprtMsg HTTP/1.1" 200 - 8513108 PostmanRuntime/7.36.1'
'0:0:0:0:0:0:0:1 - - [24-03-06:15:36:26] "POST /gcapi/post/camprtMsg HTTP/1.1" 200 - 6638314 PostmanRuntime/7.36.1'
'0:0:0:0:0:0:0:1 - - [24-03-06:15:40:55] "POST /gcapi/post/camprtMsg HTTP/1.1" 200 - 2107291 PostmanRuntime/7.36.1'
'0:0:0:0:0:0:0:1 - - [24-03-06:15:49:49] "POST /gcapi/post/camprtMsg HTTP/1.1" 200 - 3537199 PostmanRuntime/7.36.1'
'0:0:0:0:0:0:0:1 - - [24-03-06:16:54:35] "POST /gcapi/post/thirdtopic HTTP/1.1" 200 - 1492629 PostmanRuntime/7.36.1'
'0:0:0:0:0:0:0:1 - - [24-03-06:16:55:29] "POST /gcapi/post/thirdtopic HTTP/1.1" 200 - 783880 PostmanRuntime/7.36.1'
'0:0:0:0:0:0:0:1 - - [24-03-06:17:01:23] "POST /gcapi/post/camprtMsg HTTP/1.1" 500 132 452696 PostmanRuntime/7.36.1'
'0:0:0:0:0:0:0:1 - - [24-03-06:17:04:01] "POST /gcapi/post/camprtMsg HTTP/1.1" 500 132 5498610 PostmanRuntime/7.36.1'
'0:0:0:0:0:0:0:1 - - [24-03-06:17:12:46] "POST /gcapi/post/camprtMsg HTTP/1.1" 200 - 4704168 PostmanRuntime/7.36.1'
'0:0:0:0:0:0:0:1 - - [24-03-07:12:32:30] "POST /gcapi/post/camprtMsg HTTP/1.1" 200 - 9339464 PostmanRuntime/7.36.1'
'0:0:0:0:0:0:0:1 - - [24-03-07:12:37:22] "POST /gcapi/post/camprtMsg HTTP/1.1" 200 - 6651165 PostmanRuntime/7.36.1'
'0:0:0:0:0:0:0:1 - - [24-03-07:12:48:19] "POST /gcapi/post/camprtMsg HTTP/1.1" 500 132 4898090 PostmanRuntime/7.36.1'
'0:0:0:0:0:0:0:1 - - [24-03-07:12:50:40] "POST /gcapi/post/camprtMsg HTTP/1.1" 500 132 3173229 PostmanRuntime/7.36.1'
'0:0:0:0:0:0:0:1 - - [24-03-07:12:56:36] "POST /gcapi/post/camprtMsg HTTP/1.1" 500 132 4171383 PostmanRuntime/7.36.1'
'0:0:0:0:0:0:0:1 - - [24-03-07:13:05:42] "POST /gcapi/post/camprtMsg HTTP/1.1" 500 132 4000941 PostmanRuntime/7.36.1'
'0:0:0:0:0:0:0:1 - - [24-03-07:13:11:32] "POST /gcapi/post/camprtMsg HTTP/1.1" 500 132 5403329 PostmanRuntime/7.36.1'
'0:0:0:0:0:0:0:1 - - [24-03-07:13:16:38] "POST /gcapi/post/camprtMsg HTTP/1.1" 500 132 4136159 PostmanRuntime/7.36.1'
'0:0:0:0:0:0:0:1 - - [24-03-07:13:18:51] "POST /gcapi/post/camprtMsg HTTP/1.1" 500 132 5449725 PostmanRuntime/7.36.1'
'0:0:0:0:0:0:0:1 - - [24-03-07:14:13:37] "POST /gcapi/post/camprtMsg HTTP/1.1" 500 132 5188267 PostmanRuntime/7.36.1'
'0:0:0:0:0:0:0:1 - - [24-03-07:14:31:59] "POST /gcapi/post/camprtMsg HTTP/1.1" 500 132 5397701 PostmanRuntime/7.36.1'
'0:0:0:0:0:0:0:1 - - [24-03-07:14:52:50] "POST /gcapi/post/camprtMsg HTTP/1.1" 200 - 6958271 PostmanRuntime/7.36.1'
'0:0:0:0:0:0:0:1 - - [24-03-07:16:05:53] "GET /gcapi/get/campma HTTP/1.1" 200 - 4500618 PostmanRuntime/7.36.1'
'0:0:0:0:0:0:0:1 - - [24-03-07:16:09:45] "GET /gcapi/get/campma HTTP/1.1" 200 - 706221 PostmanRuntime/7.36.1'
'0:0:0:0:0:0:0:1 - - [24-03-08:13:18:53] "GET /gcapi/get/thirdtopic HTTP/1.1" 200 - 533868 PostmanRuntime/7.36.1'
'0:0:0:0:0:0:0:1 - - [24-03-08:13:20:42] "POST /gcapi/post/thirdtopic HTTP/1.1" 200 - 5925996 PostmanRuntime/7.36.1'
'0:0:0:0:0:0:0:1 - - [24-03-08:13:21:51] "POST /gcapi/post/thirdtopic HTTP/1.1" 200 - 782684 PostmanRuntime/7.36.1'
'0:0:0:0:0:0:0:1 - - [24-03-08:14:00:56] "POST /gcapi/post/thirdtopic HTTP/1.1" 200 - 4980473 PostmanRuntime/7.36.1'
'0:0:0:0:0:0:0:1 - - [24-03-11:16:17:55] "POST /360view/first HTTP/1.1" 200 - 610983 PostmanRuntime/7.36.3'
'0:0:0:0:0:0:0:1 - - [24-03-11:16:22:22] "POST /360view/first HTTP/1.1" 500 125 1125163 PostmanRuntime/7.36.3'
'0:0:0:0:0:0:0:1 - - [24-03-11:16:38:29] "POST /gcapi/post/camprtMsg HTTP/1.1" 500 132 470501 PostmanRuntime/7.36.3'
'0:0:0:0:0:0:0:1 - - [24-03-11:16:51:13] "POST /gcapi/post/camprtMsg HTTP/1.1" 500 132 1240192 PostmanRuntime/7.36.3'
'0:0:0:0:0:0:0:1 - - [24-03-11:16:52:38] "POST /360view/first HTTP/1.1" 500 125 19293 PostmanRuntime/7.36.3'
'0:0:0:0:0:0:0:1 - - [24-03-11:16:53:26] "POST /360view/first HTTP/1.1" 200 - 262659 PostmanRuntime/7.36.3'
'0:0:0:0:0:0:0:1 - - [24-03-11:17:09:16] "POST /360view/first HTTP/1.1" 200 - 967453 PostmanRuntime/7.36.3'
'0:0:0:0:0:0:0:1 - - [24-03-11:17:10:34] "POST /gcapi/post/camprtMsg HTTP/1.1" 500 132 6417035 PostmanRuntime/7.36.3'
'0:0:0:0:0:0:0:1 - - [24-03-11:17:13:29] "POST /gcapi/post/camprtMsg HTTP/1.1" 200 - 2807664 PostmanRuntime/7.36.3'
'0:0:0:0:0:0:0:1 - - [24-03-11:17:14:13] "POST /gcapi/post/camprtMsg HTTP/1.1" 200 - 1792778 PostmanRuntime/7.36.3'
'0:0:0:0:0:0:0:1 - - [24-03-11:17:15:28] "POST /360view/first HTTP/1.1" 200 - 43879 PostmanRuntime/7.36.3'
'0:0:0:0:0:0:0:1 - - [24-03-12:10:26:18] "POST /360view/first HTTP/1.1" 200 - 6730045 PostmanRuntime/7.36.3'
'0:0:0:0:0:0:0:1 - - [24-03-12:10:27:21] "POST /360view/first HTTP/1.1" 200 - 339656 PostmanRuntime/7.36.3'
'0:0:0:0:0:0:0:1 - - [24-03-12:10:35:05] "POST /360view/first HTTP/1.1" 200 - 7476213 PostmanRuntime/7.36.3'
'0:0:0:0:0:0:0:1 - - [24-03-12:10:51:02] "POST /360view/first HTTP/1.1" 200 - 7809139 PostmanRuntime/7.36.3'
'0:0:0:0:0:0:0:1 - - [24-03-13:14:43:44] "POST /gcapi/post/camprtMsg HTTP/1.1" 200 - 6129314 PostmanRuntime/7.36.3'
'0:0:0:0:0:0:0:1 - - [24-03-13:14:57:15] "POST /gcapi/post/camprtMsg HTTP/1.1" 200 - 2369686 PostmanRuntime/7.36.3'
'0:0:0:0:0:0:0:1 - - [24-03-13:15:23:21] "POST /gcapi/post/camprtMsg HTTP/1.1" 200 - 2329972 PostmanRuntime/7.36.3'
'0:0:0:0:0:0:0:1 - - [24-03-14:11:31:36] "GET /360view/datacalloptional HTTP/1.1" 200 - 1225815 PostmanRuntime/7.36.3'
'0:0:0:0:0:0:0:1 - - [24-03-14:14:39:49] "GET /360view/datacalloptional HTTP/1.1" 200 - 1213794 PostmanRuntime/7.36.3'
'0:0:0:0:0:0:0:1 - - [24-03-14:16:35:57] "GET /360view/datacalloptional HTTP/1.1" 200 - 1174700 PostmanRuntime/7.36.3'
'0:0:0:0:0:0:0:1 - - [24-03-14:16:49:38] "GET /360view/datacalloptional HTTP/1.1" 200 - 2948921 PostmanRuntime/7.36.3'
'0:0:0:0:0:0:0:1 - - [24-03-15:10:45:37] "GET /gcapi/get/campma HTTP/1.1" 200 - 5254457 PostmanRuntime/7.36.3'
'0:0:0:0:0:0:0:1 - - [24-03-15:10:54:54] "GET /gcapi/get/campma HTTP/1.1" 200 - 12124592 PostmanRuntime/7.36.3'
'0:0:0:0:0:0:0:1 - - [24-03-15:11:44:48] "GET /360view/datacalloptional HTTP/1.1" 200 - 2517439 PostmanRuntime/7.36.3'
'0:0:0:0:0:0:0:1 - - [24-03-15:13:03:05] "GET /360view/datacalloptional HTTP/1.1" 200 - 4984501 PostmanRuntime/7.36.3'
'0:0:0:0:0:0:0:1 - - [24-03-15:13:13:07] "GET /360view/datacalloptional HTTP/1.1" 200 - 4456133 PostmanRuntime/7.36.3'
'0:0:0:0:0:0:0:1 - - [24-03-15:16:29:49] "GET /gcapi/get/campma HTTP/1.1" 200 - 11445921 PostmanRuntime/7.36.3'
'0:0:0:0:0:0:0:1 - - [24-03-18:14:36:40] "POST /gcapi/updateCampma HTTP/1.1" 200 - 776519 PostmanRuntime/7.36.3'
'0:0:0:0:0:0:0:1 - - [24-03-18:15:45:12] "POST /gcapi/updateOrDelCampma HTTP/1.1" 500 135 424878 PostmanRuntime/7.36.3'
'0:0:0:0:0:0:0:1 - - [24-03-18:15:51:38] "POST /gcapi/updateOrDelCampma HTTP/1.1" 500 135 1200104 PostmanRuntime/7.36.3'
'0:0:0:0:0:0:0:1 - - [24-03-18:16:05:52] "POST /gcapi/updateOrDelCampma HTTP/1.1" 500 135 981201 PostmanRuntime/7.36.3'
'0:0:0:0:0:0:0:1 - - [24-03-18:16:08:05] "POST /gcapi/updateOrDelCampma HTTP/1.1" 200 - 2708270 PostmanRuntime/7.36.3'
'0:0:0:0:0:0:0:1 - - [24-03-18:16:09:35] "POST /gcapi/updateOrDelCampma HTTP/1.1" 200 - 5551504 PostmanRuntime/7.36.3'
'0:0:0:0:0:0:0:1 - - [24-03-18:16:10:21] "POST /gcapi/updateOrDelCampma HTTP/1.1" 200 - 184109 PostmanRuntime/7.36.3'
'0:0:0:0:0:0:0:1 - - [24-03-18:17:20:46] "POST /gcapi/post/camprtMsg HTTP/1.1" 200 - 7487463 PostmanRuntime/7.36.3'
'0:0:0:0:0:0:0:1 - - [24-03-18:17:34:58] "POST /gcapi/post/camprtMsg HTTP/1.1" 200 - 7528834 PostmanRuntime/7.36.3'
'0:0:0:0:0:0:0:1 - - [24-03-18:17:47:20] "POST /gcapi/post/camprtMsg HTTP/1.1" 200 - 10173982 PostmanRuntime/7.36.3'
'0:0:0:0:0:0:0:1 - - [24-03-19:10:27:31] "GET /360view/datacalloptional HTTP/1.1" 200 - 3332223 PostmanRuntime/7.36.3'
'0:0:0:0:0:0:0:1 - - [24-03-20:11:34:41] "GET /360view/datacall HTTP/1.1" 200 - 495719 PostmanRuntime/7.36.3'
'0:0:0:0:0:0:0:1 - - [24-03-20:13:11:23] "GET /360view/datacall HTTP/1.1" 200 - 7882158 PostmanRuntime/7.36.3'
'0:0:0:0:0:0:0:1 - - [24-03-20:13:29:01] "GET /360view/datacall HTTP/1.1" 200 - 6936916 PostmanRuntime/7.36.3'
'0:0:0:0:0:0:0:1 - - [24-03-20:13:42:05] "GET /360view/datacall HTTP/1.1" 200 - 2057550 PostmanRuntime/7.36.3'
'0:0:0:0:0:0:0:1 - - [24-03-20:13:44:43] "GET /360view/datacall HTTP/1.1" 200 - 2705392 PostmanRuntime/7.36.3'
'0:0:0:0:0:0:0:1 - - [24-03-20:13:45:30] "GET /360view/datacall HTTP/1.1" 200 - 3630662 PostmanRuntime/7.36.3'
'0:0:0:0:0:0:0:1 - - [24-03-20:14:26:06] "GET /360view/datacall HTTP/1.1" 200 - 669863 PostmanRuntime/7.36.3'
'0:0:0:0:0:0:0:1 - - [24-03-20:15:23:58] "GET /360view/datacall HTTP/1.1" 200 - 4940926 PostmanRuntime/7.36.3'
'0:0:0:0:0:0:0:1 - - [24-03-20:15:27:10] "GET /360view/datacall1 HTTP/1.1" 200 - 42286 PostmanRuntime/7.36.3'
'0:0:0:0:0:0:0:1 - - [24-03-20:15:51:49] "GET /360view/data HTTP/1.1" 200 - 5629364 PostmanRuntime/7.36.3'
'0:0:0:0:0:0:0:1 - - [24-03-20:15:55:13] "GET /360view/data1 HTTP/1.1" 200 - 48458 PostmanRuntime/7.36.3'
'0:0:0:0:0:0:0:1 - - [24-03-20:16:25:25] "GET /360view/data HTTP/1.1" 200 - 1142258 PostmanRuntime/7.36.3'
'0:0:0:0:0:0:0:1 - - [24-03-20:16:25:38] "GET /360view/data1 HTTP/1.1" 200 - 5184257 PostmanRuntime/7.36.3'
'0:0:0:0:0:0:0:1 - - [24-03-21:09:37:39] "GET /360view/data HTTP/1.1" 200 - 9244982 PostmanRuntime/7.36.3'
'0:0:0:0:0:0:0:1 - - [24-03-21:09:38:51] "GET /360view/data1 HTTP/1.1" 200 - 382536 PostmanRuntime/7.36.3'
'0:0:0:0:0:0:0:1 - - [24-03-21:09:50:03] "GET /360view/data1 HTTP/1.1" 200 - 1172048 PostmanRuntime/7.36.3'
'0:0:0:0:0:0:0:1 - - [24-03-21:09:50:17] "GET /360view/data HTTP/1.1" 200 - 7558542 PostmanRuntime/7.36.3'
'0:0:0:0:0:0:0:1 - - [24-03-21:10:13:21] "GET /360view/data HTTP/1.1" 200 - 7920510 PostmanRuntime/7.36.3'
'0:0:0:0:0:0:0:1 - - [24-03-21:10:27:54] "GET /360view/data HTTP/1.1" 200 - 1065832 PostmanRuntime/7.36.3'
'0:0:0:0:0:0:0:1 - - [24-03-21:10:28:12] "GET /360view/data1 HTTP/1.1" 200 - 7484612 PostmanRuntime/7.36.3'
'0:0:0:0:0:0:0:1 - - [24-03-21:14:46:37] "GET /360view/data1 HTTP/1.1" 200 - 3236606 PostmanRuntime/7.36.3'
'0:0:0:0:0:0:0:1 - - [24-03-21:14:50:06] "GET /360view/data1 HTTP/1.1" 200 - 648501 PostmanRuntime/7.36.3'
'0:0:0:0:0:0:0:1 - - [24-03-21:14:51:38] "GET /360view/data1 HTTP/1.1" 200 - 1198046 PostmanRuntime/7.36.3'
'0:0:0:0:0:0:0:1 - - [24-03-21:14:53:27] "GET /360view/data1 HTTP/1.1" 200 - 4236012 PostmanRuntime/7.36.3'
'0:0:0:0:0:0:0:1 - - [24-04-01:15:45:56] "GET /gcapi/get/campma HTTP/1.1" 500 128 5342446 PostmanRuntime/7.36.3'
'0:0:0:0:0:0:0:1 - - [24-04-01:16:18:31] "GET /gcapi/get/campma HTTP/1.1" 500 128 5905676 PostmanRuntime/7.36.3'
'0:0:0:0:0:0:0:1 - - [24-04-01:16:48:56] "GET /gcapi/get/campma HTTP/1.1" 500 128 6263937 PostmanRuntime/7.36.3'
'0:0:0:0:0:0:0:1 - - [24-04-01:16:52:14] "GET /gcapi/get/campma HTTP/1.1" 200 - 4679423 PostmanRuntime/7.36.3'
'0:0:0:0:0:0:0:1 - - [24-04-01:16:54:36] "GET /gcapi/get/campma HTTP/1.1" 500 128 5948260 PostmanRuntime/7.36.3'
'0:0:0:0:0:0:0:1 - - [24-04-01:16:56:58] "GET /gcapi/get/campma HTTP/1.1" 500 128 3445158 PostmanRuntime/7.36.3'
'0:0:0:0:0:0:0:1 - - [24-04-01:17:00:17] "GET /gcapi/get/campma HTTP/1.1" 500 128 3593378 PostmanRuntime/7.36.3'
'0:0:0:0:0:0:0:1 - - [24-04-01:17:03:23] "GET /gcapi/get/campma HTTP/1.1" 500 128 4126759 PostmanRuntime/7.36.3'
'0:0:0:0:0:0:0:1 - - [24-04-01:17:05:04] "GET /gcapi/get/campma HTTP/1.1" 500 128 4496939 PostmanRuntime/7.36.3'
'0:0:0:0:0:0:0:1 - - [24-04-01:17:07:30] "GET /gcapi/get/campma HTTP/1.1" 500 128 4478225 PostmanRuntime/7.36.3'
'0:0:0:0:0:0:0:1 - - [24-04-01:17:11:50] "GET /gcapi/get/campma HTTP/1.1" 500 128 4782952 PostmanRuntime/7.36.3'
'0:0:0:0:0:0:0:1 - - [24-04-01:17:18:34] "GET /gcapi/get/campma HTTP/1.1" 500 128 5994146 PostmanRuntime/7.36.3'
'0:0:0:0:0:0:0:1 - - [24-04-01:17:21:29] "GET /gcapi/get/campma HTTP/1.1" 500 128 4939745 PostmanRuntime/7.36.3'
'0:0:0:0:0:0:0:1 - - [24-04-01:17:26:57] "GET /gcapi/get/campma HTTP/1.1" 500 128 590906 PostmanRuntime/7.36.3'
'0:0:0:0:0:0:0:1 - - [24-04-02:10:36:22] "GET /updateOrDelCampma HTTP/1.1" 405 126 547184 PostmanRuntime/7.36.3'
'0:0:0:0:0:0:0:1 - - [24-04-02:10:36:27] "POST /updateOrDelCampma HTTP/1.1" 500 129 153298 PostmanRuntime/7.36.3'
'0:0:0:0:0:0:0:1 - - [24-04-02:10:39:35] "POST /updateOrDelCampma HTTP/1.1" 500 129 34956 PostmanRuntime/7.36.3'
'0:0:0:0:0:0:0:1 - - [24-04-02:10:42:38] "POST /updateOrDelCampma HTTP/1.1" 500 129 22070 PostmanRuntime/7.36.3'
'0:0:0:0:0:0:0:1 - - [24-04-02:10:56:29] "POST /updateOrDelCampma HTTP/1.1" 500 129 3037297 PostmanRuntime/7.36.3'
'0:0:0:0:0:0:0:1 - - [24-04-02:11:22:58] "POST /updateOrDelCampma HTTP/1.1" 200 - 2768504 PostmanRuntime/7.36.3'
'0:0:0:0:0:0:0:1 - - [24-04-02:11:47:43] "POST /updateOrDelCampma HTTP/1.1" 200 - 1868759 PostmanRuntime/7.36.3'
'0:0:0:0:0:0:0:1 - - [24-04-02:11:50:37] "POST /updateOrDelCampma HTTP/1.1" 500 129 3264763 PostmanRuntime/7.36.3'
'0:0:0:0:0:0:0:1 - - [24-04-02:11:55:31] "POST /updateOrDelCampma HTTP/1.1" 500 129 2263822 PostmanRuntime/7.36.3'
'0:0:0:0:0:0:0:1 - - [24-04-02:11:56:24] "POST /updateOrDelCampma HTTP/1.1" 500 129 49898 PostmanRuntime/7.36.3'
'0:0:0:0:0:0:0:1 - - [24-04-02:12:03:52] "POST /updateOrDelCampma HTTP/1.1" 500 129 1502093 PostmanRuntime/7.36.3'
'0:0:0:0:0:0:0:1 - - [24-04-02:12:07:07] "POST /updateOrDelCampma HTTP/1.1" 500 129 1486138 PostmanRuntime/7.36.3'
'0:0:0:0:0:0:0:1 - - [24-04-02:12:10:25] "POST /updateOrDelCampma HTTP/1.1" 500 129 1448442 PostmanRuntime/7.36.3'
'0:0:0:0:0:0:0:1 - - [24-04-02:12:27:41] "POST /updateOrDelCampma HTTP/1.1" 200 - 1873568 PostmanRuntime/7.36.3'
'0:0:0:0:0:0:0:1 - - [24-04-02:12:28:28] "POST /updateOrDelCampma HTTP/1.1" 200 - 93569 PostmanRuntime/7.36.3'
'0:0:0:0:0:0:0:1 - - [24-04-02:12:28:44] "POST /updateOrDelCampma HTTP/1.1" 200 - 77600 PostmanRuntime/7.36.3'
'0:0:0:0:0:0:0:1 - - [24-04-02:19:44:40] "POST /360view HTTP/1.1" 405 116 458895 PostmanRuntime/7.36.3'
'0:0:0:0:0:0:0:1 - - [24-04-02:19:44:54] "GET /360view HTTP/1.1" 200 - 3384498 PostmanRuntime/7.36.3'
'0:0:0:0:0:0:0:1 - - [24-04-04:11:21:47] "GET /contactlt/callbothome HTTP/1.1" 405 130 518783 PostmanRuntime/7.36.3'
'0:0:0:0:0:0:0:1 - - [24-04-04:11:22:40] "GET /contact/callbothome HTTP/1.1" 404 119 120132 PostmanRuntime/7.36.3'
'0:0:0:0:0:0:0:1 - - [24-04-04:11:22:53] "GET /contact/callbothome HTTP/1.1" 404 119 26612 PostmanRuntime/7.36.3'
'0:0:0:0:0:0:0:1 - - [24-04-04:11:23:27] "GET /contactlt/callbothome HTTP/1.1" 405 130 13982 PostmanRuntime/7.36.3'
'0:0:0:0:0:0:0:1 - - [24-04-04:11:23:47] "GET /contactlt/callbothome HTTP/1.1" 405 130 11494 PostmanRuntime/7.36.3'
'0:0:0:0:0:0:0:1 - - [24-04-04:11:24:02] "POST /contactlt/callbothome HTTP/1.1" 200 - 646376 PostmanRuntime/7.36.3'
'0:0:0:0:0:0:0:1 - - [24-04-04:11:26:14] "POST /contactlt/callbothome HTTP/1.1" 500 133 1032273 PostmanRuntime/7.36.3'
'0:0:0:0:0:0:0:1 - - [24-04-04:11:29:49] "POST /contactlt/callbothome HTTP/1.1" 500 133 756559 PostmanRuntime/7.36.3'
'0:0:0:0:0:0:0:1 - - [24-04-04:11:33:32] "POST /contactlt/callbothome HTTP/1.1" 500 133 546142 PostmanRuntime/7.36.3'
'0:0:0:0:0:0:0:1 - - [24-04-04:12:27:10] "POST /contactlt/callbothome HTTP/1.1" 200 - 934321 PostmanRuntime/7.36.3'
'0:0:0:0:0:0:0:1 - - [24-04-04:12:49:36] "POST /contactlt/callbothome HTTP/1.1" 500 133 508640 PostmanRuntime/7.36.3'
'0:0:0:0:0:0:0:1 - - [24-04-04:12:51:04] "POST /contactlt/callbothome HTTP/1.1" 500 133 406068 PostmanRuntime/7.36.3'
'0:0:0:0:0:0:0:1 - - [24-04-04:12:55:07] "POST /contactlt/callbothome HTTP/1.1" 500 133 842517 PostmanRuntime/7.36.3'
'0:0:0:0:0:0:0:1 - - [24-04-04:13:13:52] "POST /contactlt/callbothome HTTP/1.1" 200 - 1898430 PostmanRuntime/7.36.3'
'0:0:0:0:0:0:0:1 - - [24-04-04:13:21:36] "POST /contactlt/callbothome HTTP/1.1" 200 - 1890596 PostmanRuntime/7.36.3'
'0:0:0:0:0:0:0:1 - - [24-04-04:13:40:51] "POST /contactlt/callbothome HTTP/1.1" 200 - 1650312 PostmanRuntime/7.36.3'
'0:0:0:0:0:0:0:1 - - [24-04-04:14:12:34] "POST /contactlt/callbothome HTTP/1.1" 500 133 807424 PostmanRuntime/7.36.3'
'0:0:0:0:0:0:0:1 - - [24-04-04:14:23:36] "POST /contactlt/callbothome HTTP/1.1" 500 133 741560 PostmanRuntime/7.36.3'
'0:0:0:0:0:0:0:1 - - [24-04-04:14:24:38] "POST /contactlt/callbothome HTTP/1.1" 500 133 550466 PostmanRuntime/7.36.3'
'0:0:0:0:0:0:0:1 - - [24-04-04:14:29:07] "POST /contactlt/callbothome HTTP/1.1" 200 - 2979205 PostmanRuntime/7.36.3'
'0:0:0:0:0:0:0:1 - - [24-04-04:14:33:49] "POST /contactlt/callbothome HTTP/1.1" 500 133 1031636 PostmanRuntime/7.36.3'
'0:0:0:0:0:0:0:1 - - [24-04-04:14:49:45] "POST /contactlt/callbothome HTTP/1.1" 200 - 3314641 PostmanRuntime/7.36.3'
'0:0:0:0:0:0:0:1 - - [24-04-04:14:52:29] "POST /contactlt/callbothome HTTP/1.1" 200 - 2616858 PostmanRuntime/7.36.3'
'0:0:0:0:0:0:0:1 - - [24-04-04:15:08:40] "POST /contactlt/callbothome HTTP/1.1" 200 - 2741827 PostmanRuntime/7.36.3'
'0:0:0:0:0:0:0:1 - - [24-04-04:15:14:59] "POST /contactlt/callbothome HTTP/1.1" 200 - 2618737 PostmanRuntime/7.36.3'
'0:0:0:0:0:0:0:1 - - [24-04-04:15:35:58] "POST /contactlt/callbothome HTTP/1.1" 200 - 2690850 PostmanRuntime/7.36.3'
'0:0:0:0:0:0:0:1 - - [24-04-04:15:43:45] "POST /contactlt/callbothome HTTP/1.1" 200 - 2653082 PostmanRuntime/7.36.3'
'0:0:0:0:0:0:0:1 - - [24-04-04:17:21:26] "POST /contactlt/callbothome HTTP/1.1" 200 - 2969639 PostmanRuntime/7.36.3'
'0:0:0:0:0:0:0:1 - - [24-04-04:17:27:46] "POST /contactlt/callbothome HTTP/1.1" 200 - 2870093 PostmanRuntime/7.36.3'
'0:0:0:0:0:0:0:1 - - [24-04-04:17:28:33] "POST /contactlt/callbothome HTTP/1.1" 200 - 1756648 PostmanRuntime/7.36.3'
'0:0:0:0:0:0:0:1 - - [24-04-04:17:30:30] "POST /contactlt/callbothome HTTP/1.1" 200 - 2382075 PostmanRuntime/7.36.3'
'0:0:0:0:0:0:0:1 - - [24-04-04:17:31:23] "POST /contactlt/callbothome HTTP/1.1" 200 - 1643803 PostmanRuntime/7.36.3'
'0:0:0:0:0:0:0:1 - - [24-04-04:17:39:58] "POST /contactlt/callbothome HTTP/1.1" 200 - 2600611 PostmanRuntime/7.36.3'
'0:0:0:0:0:0:0:1 - - [24-04-04:17:44:35] "POST /contactlt/callbothome HTTP/1.1" 200 - 1656289 PostmanRuntime/7.36.3'
'0:0:0:0:0:0:0:1 - - [24-04-04:18:40:49] "POST /contactlt/callbothome HTTP/1.1" 200 - 3012847 PostmanRuntime/7.36.3'
'0:0:0:0:0:0:0:1 - - [24-04-04:18:42:16] "POST /contactlt/callbothome HTTP/1.1" 200 - 1628740 PostmanRuntime/7.36.3'
'0:0:0:0:0:0:0:1 - - [24-04-04:18:44:55] "POST /contactlt/callbothome HTTP/1.1" 200 - 1969368 PostmanRuntime/7.36.3'
'0:0:0:0:0:0:0:1 - - [24-04-04:19:00:31] "POST /contactlt/callbothome HTTP/1.1" 200 - 855852 PostmanRuntime/7.36.3'
'0:0:0:0:0:0:0:1 - - [24-04-04:19:09:04] "POST /contactlt/callbothome HTTP/1.1" 200 - 1177917 PostmanRuntime/7.36.3'
'0:0:0:0:0:0:0:1 - - [24-04-04:19:15:20] "POST /contactlt/callbothome HTTP/1.1" 200 - 1162935 PostmanRuntime/7.36.3'
'0:0:0:0:0:0:0:1 - - [24-04-04:20:58:25] "POST /gcapi/post/camprtMsg HTTP/1.1" 500 132 638843 PostmanRuntime/7.36.3'
'0:0:0:0:0:0:0:1 - - [24-04-04:21:02:00] "POST /gcapi/post/camprtMsg HTTP/1.1" 500 132 369789 PostmanRuntime/7.36.3'
'0:0:0:0:0:0:0:1 - - [24-04-04:21:05:10] "POST /gcapi/post/camprtMsg HTTP/1.1" 500 132 5410488 PostmanRuntime/7.36.3'
'0:0:0:0:0:0:0:1 - - [24-04-04:21:09:11] "POST /gcapi/post/camprtMsg HTTP/1.1" 500 132 5322049 PostmanRuntime/7.36.3'
'0:0:0:0:0:0:0:1 - - [24-04-04:21:27:24] "POST /gcapi/post/camprtMsg HTTP/1.1" 500 132 1497773 PostmanRuntime/7.36.3'
'0:0:0:0:0:0:0:1 - - [24-04-04:21:28:13] "POST /gcapi/post/camprtMsg HTTP/1.1" 500 132 3532863 PostmanRuntime/7.36.3'
'0:0:0:0:0:0:0:1 - - [24-04-04:21:29:26] "POST /gcapi/post/camprtMsg HTTP/1.1" 500 132 22421 PostmanRuntime/7.36.3'
'0:0:0:0:0:0:0:1 - - [24-04-04:21:31:31] "POST /gcapi/post/camprtMsg HTTP/1.1" 500 132 37417 PostmanRuntime/7.36.3'
'0:0:0:0:0:0:0:1 - - [24-04-04:21:32:40] "POST /gcapi/post/camprtMsg HTTP/1.1" 500 132 242684 PostmanRuntime/7.36.3'
'0:0:0:0:0:0:0:1 - - [24-04-04:21:35:04] "POST /gcapi/post/camprtMsg HTTP/1.1" 500 132 169681 PostmanRuntime/7.36.3'
'0:0:0:0:0:0:0:1 - - [24-04-04:21:38:50] "POST /gcapi/post/camprtMsg HTTP/1.1" 200 - 884801 PostmanRuntime/7.36.3'
'0:0:0:0:0:0:0:1 - - [24-04-05:17:40:19] "POST /a/1234 HTTP/1.1" 500 118 390098 PostmanRuntime/7.36.3'
'0:0:0:0:0:0:0:1 - - [24-04-05:17:41:18] "POST /a/1234 HTTP/1.1" 500 118 25284 PostmanRuntime/7.36.3'
'0:0:0:0:0:0:0:1 - - [24-04-05:17:44:01] "POST /a/1234 HTTP/1.1" 500 118 336598 PostmanRuntime/7.36.3'
'0:0:0:0:0:0:0:1 - - [24-04-05:17:47:01] "POST /a/1234 HTTP/1.1" 500 118 398273 PostmanRuntime/7.36.3'
'0:0:0:0:0:0:0:1 - - [24-04-05:17:51:13] "POST /a/1234 HTTP/1.1" 500 118 353815 PostmanRuntime/7.36.3'
'0:0:0:0:0:0:0:1 - - [24-04-05:17:56:25] "POST /a/1234 HTTP/1.1" 500 118 344077 PostmanRuntime/7.36.3'
'0:0:0:0:0:0:0:1 - - [24-04-05:17:58:47] "POST /a/1234 HTTP/1.1" 500 118 3570795 PostmanRuntime/7.36.3'
'0:0:0:0:0:0:0:1 - - [24-04-05:18:00:40] "POST /a/1234 HTTP/1.1" 500 118 2566152 PostmanRuntime/7.36.3'
'0:0:0:0:0:0:0:1 - - [24-04-05:18:03:05] "POST /a/1234 HTTP/1.1" 500 118 3408760 PostmanRuntime/7.36.3'
'0:0:0:0:0:0:0:1 - - [24-04-05:18:07:49] "POST /a/1234 HTTP/1.1" 500 118 3359674 PostmanRuntime/7.36.3'
'0:0:0:0:0:0:0:1 - - [24-04-05:18:11:04] "POST /a/1234 HTTP/1.1" 500 118 2560518 PostmanRuntime/7.36.3'
'0:0:0:0:0:0:0:1 - - [24-04-05:18:33:31] "POST /a/1234 HTTP/1.1" 500 118 2878899 PostmanRuntime/7.36.3'
'0:0:0:0:0:0:0:1 - - [24-04-05:18:37:10] "POST /a/1234 HTTP/1.1" 500 118 4011502 PostmanRuntime/7.36.3'
'0:0:0:0:0:0:0:1 - - [24-04-05:18:40:01] "POST /a/1234 HTTP/1.1" 500 118 4675353 PostmanRuntime/7.36.3'
'0:0:0:0:0:0:0:1 - - [24-04-08:09:02:07] "POST /contactlt/callbothome HTTP/1.1" 200 35 7980928 PostmanRuntime/7.36.3'
'0:0:0:0:0:0:0:1 - - [24-04-08:09:05:15] "POST /contactlt/callbothome HTTP/1.1" 200 35 6304863 PostmanRuntime/7.36.3'
'0:0:0:0:0:0:0:1 - - [24-04-08:09:07:49] "POST /contactlt/callbothome HTTP/1.1" 200 35 6281776 PostmanRuntime/7.36.3'
'0:0:0:0:0:0:0:1 - - [24-04-08:09:08:40] "POST /contactlt/callbothome HTTP/1.1" 200 35 803494 PostmanRuntime/7.36.3'
'0:0:0:0:0:0:0:1 - - [24-04-08:09:09:58] "POST /contactlt/callbothome HTTP/1.1" 500 133 96536 PostmanRuntime/7.36.3'
'0:0:0:0:0:0:0:1 - - [24-04-08:09:10:49] "POST /contactlt/callbothome HTTP/1.1" 200 35 715751 PostmanRuntime/7.36.3'
'0:0:0:0:0:0:0:1 - - [24-04-08:09:12:29] "POST /contactlt/callbothome HTTP/1.1" 200 35 1293042 PostmanRuntime/7.36.3'
'0:0:0:0:0:0:0:1 - - [24-04-08:09:13:37] "POST /contactlt/callbothome HTTP/1.1" 200 35 5161502 PostmanRuntime/7.36.3'
'0:0:0:0:0:0:0:1 - - [24-04-08:09:16:24] "POST /contactlt/callbothome HTTP/1.1" 200 35 20824517 PostmanRuntime/7.36.3'
'0:0:0:0:0:0:0:1 - - [24-04-08:09:18:09] "POST /contactlt/callbothome HTTP/1.1" 200 35 6165423 PostmanRuntime/7.36.3'
'0:0:0:0:0:0:0:1 - - [24-04-08:09:22:25] "POST /contactlt/callbothome HTTP/1.1" 200 35 14846503 PostmanRuntime/7.36.3'
'0:0:0:0:0:0:0:1 - - [24-04-08:09:23:06] "POST /contactlt/callbothome HTTP/1.1" 200 35 8355871 PostmanRuntime/7.36.3'
'0:0:0:0:0:0:0:1 - - [24-04-08:09:28:34] "POST /contactlt/callbothome HTTP/1.1" 200 35 24493553 PostmanRuntime/7.36.3'
'0:0:0:0:0:0:0:1 - - [24-04-08:09:29:16] "POST /contactlt/callbothome HTTP/1.1" 200 35 11289097 PostmanRuntime/7.36.3'
'0:0:0:0:0:0:0:1 - - [24-04-08:09:30:04] "POST /contactlt/callbothome HTTP/1.1" 200 35 12881345 PostmanRuntime/7.36.3'
'0:0:0:0:0:0:0:1 - - [24-04-08:09:30:35] "POST /contactlt/callbothome HTTP/1.1" 200 35 698128 PostmanRuntime/7.36.3'
'0:0:0:0:0:0:0:1 - - [24-04-08:09:32:01] "POST /contactlt/callbothome HTTP/1.1" 200 35 6048865 PostmanRuntime/7.36.3'
'0:0:0:0:0:0:0:1 - - [24-04-08:09:34:02] "POST /contactlt/callbothome HTTP/1.1" 200 35 6617447 PostmanRuntime/7.36.3'
'0:0:0:0:0:0:0:1 - - [24-04-08:09:37:34] "POST /contactlt/callbothome HTTP/1.1" 200 35 12807194 PostmanRuntime/7.36.3'
'0:0:0:0:0:0:0:1 - - [24-04-08:09:39:17] "POST /contactlt/callbothome HTTP/1.1" 200 35 11274034 PostmanRuntime/7.36.3'
'0:0:0:0:0:0:0:1 - - [24-04-08:09:39:56] "POST /contactlt/callbothome HTTP/1.1" 200 35 8085527 PostmanRuntime/7.36.3'
'0:0:0:0:0:0:0:1 - - [24-04-08:09:40:43] "POST /contactlt/callbothome HTTP/1.1" 200 35 11471198 PostmanRuntime/7.36.3'
'0:0:0:0:0:0:0:1 - - [24-04-08:09:42:10] "POST /contactlt/callbothome HTTP/1.1" 200 35 7460131 PostmanRuntime/7.36.3'
'0:0:0:0:0:0:0:1 - - [24-04-08:09:43:12] "POST /contactlt/callbothome HTTP/1.1" 200 35 6485393 PostmanRuntime/7.36.3'
'0:0:0:0:0:0:0:1 - - [24-04-08:09:43:27] "POST /contactlt/callbothome HTTP/1.1" 200 35 6648083 PostmanRuntime/7.36.3'
'0:0:0:0:0:0:0:1 - - [24-04-08:09:43:40] "POST /contactlt/callbothome HTTP/1.1" 200 35 7401381 PostmanRuntime/7.36.3'
'0:0:0:0:0:0:0:1 - - [24-04-08:09:43:51] "POST /contactlt/callbothome HTTP/1.1" 200 35 6400433 PostmanRuntime/7.36.3'
'0:0:0:0:0:0:0:1 - - [24-04-08:09:44:27] "POST /contactlt/callbothome HTTP/1.1" 200 35 7629795 PostmanRuntime/7.36.3'
'0:0:0:0:0:0:0:1 - - [24-04-08:10:24:21] "POST /contactlt/callbothome HTTP/1.1" 200 35 12225878 PostmanRuntime/7.36.3'
'0:0:0:0:0:0:0:1 - - [24-04-08:11:00:43] "POST /contactlt/callbothome HTTP/1.1" 200 35 9476214 PostmanRuntime/7.36.3'
'0:0:0:0:0:0:0:1 - - [24-04-08:11:03:25] "POST /contactlt/callbothome HTTP/1.1" 200 35 23507833 PostmanRuntime/7.36.3'
'0:0:0:0:0:0:0:1 - - [24-04-08:11:18:02] "POST /contactlt/callbothome HTTP/1.1" 200 35 30684831 PostmanRuntime/7.36.3'
'0:0:0:0:0:0:0:1 - - [24-04-08:11:19:22] "POST /contactlt/callbothome HTTP/1.1" 500 133 24402828 PostmanRuntime/7.36.3'
'0:0:0:0:0:0:0:1 - - [24-04-08:11:20:12] "POST /contactlt/callbothome HTTP/1.1" 200 35 29547172 PostmanRuntime/7.36.3'
'0:0:0:0:0:0:0:1 - - [24-04-08:11:21:27] "POST /contactlt/callbothome HTTP/1.1" 200 35 25108209 PostmanRuntime/7.36.3'
'0:0:0:0:0:0:0:1 - - [24-04-12:10:05:47] "GET /testucrm HTTP/1.1" 200 35 5462196 PostmanRuntime/7.37.0'
'0:0:0:0:0:0:0:1 - - [24-04-12:10:31:13] "GET /testucrm HTTP/1.1" 200 35 8426219 PostmanRuntime/7.37.0'
'0:0:0:0:0:0:0:1 - - [24-04-12:10:38:51] "GET /testucrm HTTP/1.1" 200 35 8651011 PostmanRuntime/7.37.0'
'0:0:0:0:0:0:0:1 - - [24-04-12:10:43:03] "GET /testucrm HTTP/1.1" 200 35 4674483 PostmanRuntime/7.37.0'
'0:0:0:0:0:0:0:1 - - [24-04-12:10:47:34] "GET /testucrm HTTP/1.1" 200 35 4135478 PostmanRuntime/7.37.0'
'0:0:0:0:0:0:0:1 - - [24-04-12:11:01:47] "GET /testucrm HTTP/1.1" 200 35 5683547 PostmanRuntime/7.37.0'
'0:0:0:0:0:0:0:1 - - [24-04-12:11:30:43] "GET /testucrm HTTP/1.1" 200 35 5630262 PostmanRuntime/7.37.0'
'0:0:0:0:0:0:0:1 - - [24-04-12:13:02:01] "GET /testucrm HTTP/1.1" 200 35 5800177 PostmanRuntime/7.37.0'
'0:0:0:0:0:0:0:1 - - [24-04-12:13:11:54] "GET /testucrm HTTP/1.1" 200 35 6663671 PostmanRuntime/7.37.0'
'0:0:0:0:0:0:0:1 - - [24-04-12:13:17:34] "GET /testucrm HTTP/1.1" 200 35 4750639 PostmanRuntime/7.37.0'
'0:0:0:0:0:0:0:1 - - [24-04-12:14:40:02] "GET /testucrm HTTP/1.1" 200 35 1784145 PostmanRuntime/7.37.0'
'0:0:0:0:0:0:0:1 - - [24-04-12:14:50:46] "GET /testucrm HTTP/1.1" 200 35 741379 PostmanRuntime/7.37.0'
'0:0:0:0:0:0:0:1 - - [24-04-12:14:58:45] "GET /testucrm HTTP/1.1" 200 35 1086573 PostmanRuntime/7.37.0'
'0:0:0:0:0:0:0:1 - - [24-04-12:15:02:19] "GET /testucrm HTTP/1.1" 200 35 4533249 PostmanRuntime/7.37.0'
'0:0:0:0:0:0:0:1 - - [24-04-12:15:07:02] "GET /testucrm HTTP/1.1" 200 35 349891 PostmanRuntime/7.37.0'
'0:0:0:0:0:0:0:1 - - [24-04-12:15:09:12] "GET /testucrm HTTP/1.1" 200 35 779333 PostmanRuntime/7.37.0'
'0:0:0:0:0:0:0:1 - - [24-04-12:15:11:33] "GET /testucrm HTTP/1.1" 200 35 2939978 PostmanRuntime/7.37.0'
'0:0:0:0:0:0:0:1 - - [24-04-12:15:19:04] "GET /testucrm HTTP/1.1" 200 35 323893 PostmanRuntime/7.37.0'
'0:0:0:0:0:0:0:1 - - [24-04-12:15:19:22] "GET /testucrm HTTP/1.1" 200 35 3149478 PostmanRuntime/7.37.0'
'0:0:0:0:0:0:0:1 - - [24-04-12:15:40:44] "POST /saveucrmdata HTTP/1.1" 200 35 494539 PostmanRuntime/7.37.0'
'0:0:0:0:0:0:0:1 - - [24-04-12:17:45:35] "GET /360view1 HTTP/1.1" 200 42 372705 PostmanRuntime/7.37.0'
'0:0:0:0:0:0:0:1 - - [24-04-12:17:51:46] "GET /360view1 HTTP/1.1" 200 42 466492 PostmanRuntime/7.37.0'
'0:0:0:0:0:0:0:1 - - [24-04-16:17:54:50] "POST /testucrmrt HTTP/1.1" 400 112 375666 PostmanRuntime/7.37.3'
'0:0:0:0:0:0:0:1 - - [24-04-16:17:57:24] "POST /testucrmrt HTTP/1.1" 400 112 12407 PostmanRuntime/7.37.3'
'0:0:0:0:0:0:0:1 - - [24-04-16:17:57:55] "POST /testucrmrt HTTP/1.1" 500 122 117942 PostmanRuntime/7.37.3'
'0:0:0:0:0:0:0:1 - - [24-04-16:17:58:56] "POST /testucrmrt HTTP/1.1" 500 122 6011 PostmanRuntime/7.37.3'
'0:0:0:0:0:0:0:1 - - [24-04-16:17:59:05] "POST /testucrmrt HTTP/1.1" 500 122 7642 PostmanRuntime/7.37.3'
'0:0:0:0:0:0:0:1 - - [24-04-16:18:00:44] "POST /testucrmrt HTTP/1.1" 500 122 321653 PostmanRuntime/7.37.3'
'0:0:0:0:0:0:0:1 - - [24-04-16:18:01:05] "POST /testucrmrt HTTP/1.1" 500 122 12791 PostmanRuntime/7.37.3'
'0:0:0:0:0:0:0:1 - - [24-04-16:18:01:47] "POST /testucrmrt HTTP/1.1" 500 122 16053 PostmanRuntime/7.37.3'
'0:0:0:0:0:0:0:1 - - [24-04-16:18:03:48] "POST /testucrmrt HTTP/1.1" 500 122 689187 PostmanRuntime/7.37.3'
'0:0:0:0:0:0:0:1 - - [24-04-16:18:04:17] "GET /gethc HTTP/1.1" 200 13 13063 PostmanRuntime/7.37.3'
'0:0:0:0:0:0:0:1 - - [24-04-16:18:04:38] "POST /testucrmrt HTTP/1.1" 500 122 18561 PostmanRuntime/7.37.3'
'0:0:0:0:0:0:0:1 - - [24-04-16:18:09:54] "POST /testucrmrt HTTP/1.1" 500 122 689119 PostmanRuntime/7.37.3'
'0:0:0:0:0:0:0:1 - - [24-04-16:18:11:21] "GET /testucrmrt HTTP/1.1" 500 122 472646 PostmanRuntime/7.37.3'
'0:0:0:0:0:0:0:1 - - [24-04-16:18:16:26] "GET /testucrmrt HTTP/1.1" 405 119 559901 PostmanRuntime/7.37.3'
'0:0:0:0:0:0:0:1 - - [24-04-16:18:16:33] "POST /testucrmrt HTTP/1.1" 200 - 96606 PostmanRuntime/7.37.3'
'0:0:0:0:0:0:0:1 - - [24-04-16:18:18:46] "POST /testucrmrt HTTP/1.1" 200 - 642985 PostmanRuntime/7.37.3'
'0:0:0:0:0:0:0:1 - - [24-04-17:11:06:43] "GET /gcapi/post/360view1 HTTP/1.1" 405 128 472411 PostmanRuntime/7.37.3'
'0:0:0:0:0:0:0:1 - - [24-04-17:11:07:17] "GET /360view1 HTTP/1.1" 200 42 811127 PostmanRuntime/7.37.3'
'0:0:0:0:0:0:0:1 - - [24-04-17:11:09:27] "GET /360view2 HTTP/1.1" 200 43 453573 PostmanRuntime/7.37.3'
'0:0:0:0:0:0:0:1 - - [24-04-18:10:00:59] "POST /gcapi/post/camprtMsg HTTP/1.1" 200 42 564539 PostmanRuntime/7.37.3'
'0:0:0:0:0:0:0:1 - - [24-04-18:11:23:39] "GET /360view11 HTTP/1.1" 200 52 368248 PostmanRuntime/7.37.3'
'0:0:0:0:0:0:0:1 - - [24-04-18:11:25:10] "GET /360view11 HTTP/1.1" 200 52 408834 PostmanRuntime/7.37.3'
'0:0:0:0:0:0:0:1 - - [24-04-18:11:27:27] "GET /360view11 HTTP/1.1" 200 52 21944 PostmanRuntime/7.37.3'
'0:0:0:0:0:0:0:1 - - [24-04-18:11:33:41] "GET /360view11 HTTP/1.1" 200 52 540605 PostmanRuntime/7.37.3'
'0:0:0:0:0:0:0:1 - - [24-04-18:11:40:33] "GET /360view11 HTTP/1.1" 200 52 381013 PostmanRuntime/7.37.3'
'0:0:0:0:0:0:0:1 - - [24-04-18:11:45:04] "GET /360view11 HTTP/1.1" 200 52 338285 PostmanRuntime/7.37.3'
'0:0:0:0:0:0:0:1 - - [24-04-20:18:27:45] "-" 400 435 45745 -'
'0:0:0:0:0:0:0:1 - - [24-04-20:18:28:01] "POST /SaveRtData HTTP/1.1" 200 35 515080 PostmanRuntime/7.36.1'
'0:0:0:0:0:0:0:1 - - [24-04-20:18:40:47] "POST /SaveRtData HTTP/1.1" 200 35 50406 PostmanRuntime/7.36.1'
'0:0:0:0:0:0:0:1 - - [24-04-20:18:44:43] "POST /SaveRtData HTTP/1.1" 200 35 533854 PostmanRuntime/7.36.1'
'0:0:0:0:0:0:0:1 - - [24-04-20:18:44:50] "POST /SaveRtData HTTP/1.1" 200 35 120703 PostmanRuntime/7.36.1'
'0:0:0:0:0:0:0:1 - - [24-04-20:18:46:16] "POST /SaveRtData HTTP/1.1" 200 35 26507 PostmanRuntime/7.36.1'
'0:0:0:0:0:0:0:1 - - [24-04-20:18:46:42] "POST /SaveRtData HTTP/1.1" 200 35 39518 PostmanRuntime/7.36.1'
