2024-03-05 12:55:11 [main] INFO  gc.apiClient.GcClientApplication -
				Starting GcClientApplication using Java 21.0.1 with PID 21820 (D:\GitWorkSpace\gcClient\gcClient\target\classes started by 인포전스 in D:\GitWorkSpace\gcClient\gcClient)
2024-03-05 12:55:11 [main] INFO  gc.apiClient.GcClientApplication -
				No active profile set, falling back to 1 default profile: "default"
2024-03-05 12:55:13 [main] INFO  o.s.d.r.c.RepositoryConfigurationDelegate -
				Bootstrapping Spring Data JPA repositories in DEFAULT mode.
2024-03-05 12:55:13 [main] INFO  o.s.d.r.c.RepositoryConfigurationDelegate -
				Finished Spring Data repository scanning in 256 ms. Found 4 JPA repository interfaces.
2024-03-05 12:55:15 [main] INFO  o.s.b.w.e.tomcat.TomcatWebServer -
				Tomcat initialized with port 8083 (http)
2024-03-05 12:55:15 [main] INFO  o.a.coyote.http11.Http11NioProtocol -
				Initializing ProtocolHandler ["http-nio-8083"]
2024-03-05 12:55:15 [main] INFO  o.a.catalina.core.StandardService -
				Starting service [Tomcat]
2024-03-05 12:55:15 [main] INFO  o.a.catalina.core.StandardEngine -
				Starting Servlet engine: [Apache Tomcat/10.1.18]
2024-03-05 12:55:15 [main] INFO  o.a.c.c.C.[Tomcat].[localhost].[/] -
				Initializing Spring embedded WebApplicationContext
2024-03-05 12:55:15 [main] INFO  o.s.b.w.s.c.ServletWebServerApplicationContext -
				Root WebApplicationContext: initialization completed in 3716 ms
2024-03-05 12:55:16 [main] INFO  o.h.jpa.internal.util.LogHelper -
				HHH000204: Processing PersistenceUnitInfo [name: postgresql]
2024-03-05 12:55:16 [main] INFO  org.hibernate.Version -
				HHH000412: Hibernate ORM core version 6.4.1.Final
2024-03-05 12:55:16 [main] INFO  o.h.c.i.RegionFactoryInitiator -
				HHH000026: Second-level cache disabled
2024-03-05 12:55:17 [main] INFO  o.s.o.j.p.SpringPersistenceUnitInfo -
				No LoadTimeWeaver setup: ignoring JPA class transformer
2024-03-05 12:55:17 [main] WARN  com.zaxxer.hikari.HikariConfig -
				Infognc-hikari-pool - idleTimeout has been set but has no effect because the pool is operating as a fixed size pool.
2024-03-05 12:55:17 [main] INFO  com.zaxxer.hikari.HikariDataSource -
				Infognc-hikari-pool - Starting...
2024-03-05 12:55:17 [main] INFO  com.zaxxer.hikari.pool.HikariPool -
				Infognc-hikari-pool - Added connection org.postgresql.jdbc.PgConnection@6200b644
2024-03-05 12:55:17 [main] INFO  com.zaxxer.hikari.HikariDataSource -
				Infognc-hikari-pool - Start completed.
2024-03-05 12:55:17 [main] WARN  org.hibernate.orm.deprecation -
				HHH90000025: PostgreSQLDialect does not need to be specified explicitly using 'hibernate.dialect' (remove the property setting and it will be selected by default)
2024-03-05 12:55:19 [main] INFO  o.h.e.t.j.p.i.JtaPlatformInitiator -
				HHH000489: No JTA platform available (set 'hibernate.transaction.jta.platform' to enable JTA platform integration)
2024-03-05 12:55:19 [main] INFO  o.s.o.j.LocalContainerEntityManagerFactoryBean -
				Initialized JPA EntityManagerFactory for persistence unit 'postgresql'
2024-03-05 12:55:20 [main] INFO  o.s.d.j.r.query.QueryEnhancerFactory -
				Hibernate is in classpath; If applicable, HQL parser will be used.
2024-03-05 12:55:21 [main] WARN  o.s.b.a.o.j.JpaBaseConfiguration$JpaWebConfiguration -
				spring.jpa.open-in-view is enabled by default. Therefore, database queries may be performed during view rendering. Explicitly configure spring.jpa.open-in-view to disable this warning
2024-03-05 12:55:22 [main] INFO  o.a.coyote.http11.Http11NioProtocol -
				Starting ProtocolHandler ["http-nio-8083"]
2024-03-05 12:55:22 [main] INFO  o.s.b.w.e.tomcat.TomcatWebServer -
				Tomcat started on port 8083 (http) with context path ''
2024-03-05 12:55:22 [main] INFO  gc.apiClient.GcClientApplication -
				Started GcClientApplication in 11.283 seconds (process running for 13.476)
2024-03-05 12:55:22 [test-task-scheduling2] INFO  g.a.controller.ControllerUCRM -
				Scheduled method started...
2024-03-05 12:55:22 [test-task-scheduling1] INFO  g.a.controller.ControllerCALLBOT -
				Scheduled CallBot method started...
2024-03-05 12:55:22 [test-task-scheduling2] INFO  g.a.controller.ControllerUCRM -
				Class : ControllerUCRM - Method : ReceiveMessage
2024-03-05 12:55:22 [test-task-scheduling1] INFO  g.a.controller.ControllerCALLBOT -
				Class : ControllerCALLBOT - Method : ReceiveMessage
2024-03-05 12:55:22 [test-task-scheduling2] INFO  g.a.controller.ControllerUCRM -
				topic_id : firsttopic
2024-03-05 12:55:22 [test-task-scheduling1] INFO  g.a.controller.ControllerCALLBOT -
				topic_id : firsttopic
2024-03-05 12:55:22 [test-task-scheduling1] INFO  g.apiClient.service.ServiceWebClient -
				===== GetApiRequet =====
2024-03-05 12:55:22 [test-task-scheduling2] INFO  g.apiClient.service.ServiceWebClient -
				===== GetApiRequet =====
2024-03-05 12:55:24 [test-task-scheduling1] INFO  gc.apiClient.service.ServiceJson -
				===== ExtractValCrm12 =====
2024-03-05 12:55:24 [test-task-scheduling2] INFO  gc.apiClient.service.ServiceJson -
				===== ExtractValCrm12 =====
2024-03-05 12:55:24 [test-task-scheduling2] INFO  gc.apiClient.service.ServiceJson -
				result : 97e6b32d-c266-4d33-92b4-01ddf33898cd::[hg] 테스트 시연
2024-03-05 12:55:24 [test-task-scheduling1] INFO  gc.apiClient.service.ServiceJson -
				result : 97e6b32d-c266-4d33-92b4-01ddf33898cd::[hg] 테스트 시연
2024-03-05 12:55:24 [test-task-scheduling2] INFO  gc.apiClient.service.ServicePostgre -
				===== createCampMaMsg =====
2024-03-05 12:55:24 [test-task-scheduling1] INFO  gc.apiClient.service.ServicePostgre -
				===== createCampMaMsg =====
2024-03-05 12:55:24 [test-task-scheduling1] INFO  gc.apiClient.service.ServicePostgre -
				cpid : 97e6b32d-c266-4d33-92b4-01ddf33898cd
2024-03-05 12:55:24 [test-task-scheduling2] INFO  gc.apiClient.service.ServicePostgre -
				cpid : 97e6b32d-c266-4d33-92b4-01ddf33898cd
2024-03-05 12:55:24 [test-task-scheduling2] INFO  gc.apiClient.service.ServicePostgre -
				coid : 23
2024-03-05 12:55:24 [test-task-scheduling1] INFO  gc.apiClient.service.ServicePostgre -
				coid : 23
2024-03-05 12:55:24 [test-task-scheduling1] INFO  gc.apiClient.service.ServicePostgre -
				cpna : [hg] 테스트 시연
2024-03-05 12:55:24 [test-task-scheduling2] INFO  gc.apiClient.service.ServicePostgre -
				cpna : [hg] 테스트 시연
2024-03-05 12:55:24 [test-task-scheduling2] INFO  g.a.controller.ControllerUCRM -
				jsonString : {"coid":23,"cpid":"97e6b32d-c266-4d33-92b4-01ddf33898cd","cpna":"[hg] 테스트 시연"}
2024-03-05 12:55:24 [test-task-scheduling1] INFO  g.a.controller.ControllerCALLBOT -
				jsonString : {"coid":23,"cpid":"97e6b32d-c266-4d33-92b4-01ddf33898cd","cpna":"[hg] 테스트 시연"}
2024-03-05 12:55:24 [test-task-scheduling2] INFO  g.a.kafkamessages.MessageToProducer -
				===== sendMsgToProducer =====
2024-03-05 12:55:24 [test-task-scheduling1] INFO  g.a.kafkamessages.MessageToProducer -
				===== sendMsgToProducer =====
2024-03-05 12:55:24 [test-task-scheduling2] INFO  g.a.kafkamessages.MessageToProducer -
				Endpoint : /gcapi/post/firsttopic
2024-03-05 12:55:24 [test-task-scheduling1] INFO  g.a.kafkamessages.MessageToProducer -
				Endpoint : /apicallbot/post/firsttopic
2024-03-05 12:55:24 [reactor-http-nio-12] ERROR g.a.kafkamessages.MessageToProducer -
				Error making API request: Connection refused: no further information: localhost/127.0.0.1:8081
2024-03-05 12:55:24 [reactor-http-nio-10] ERROR g.a.kafkamessages.MessageToProducer -
				Error making API request: Connection refused: no further information: localhost/127.0.0.1:8081
2024-03-05 12:55:24 [test-task-scheduling2] INFO  g.a.kafkamessages.MessageToProducer -
				Entity as JSON: {"coid":23,"cpid":"97e6b32d-c266-4d33-92b4-01ddf33898cd","cpna":"[hg] 테스트 시연"}
2024-03-05 12:55:24 [test-task-scheduling1] INFO  g.a.kafkamessages.MessageToProducer -
				Entity as JSON: {"coid":23,"cpid":"97e6b32d-c266-4d33-92b4-01ddf33898cd","cpna":"[hg] 테스트 시연"}
2024-03-05 12:55:24 [test-task-scheduling1] ERROR g.a.controller.ControllerCALLBOT -
				DataIntegrityViolationException 발생 : Record with 'cpid' already exists.
2024-03-05 12:55:24 [test-task-scheduling2] ERROR g.a.controller.ControllerUCRM -
				DataIntegrityViolationException 발생 : Record with 'cpid' already exists.
2024-03-05 12:55:39 [http-nio-8083-exec-2] INFO  o.a.c.c.C.[Tomcat].[localhost].[/] -
				Initializing Spring DispatcherServlet 'dispatcherServlet'
2024-03-05 12:55:39 [http-nio-8083-exec-2] INFO  o.s.web.servlet.DispatcherServlet -
				Initializing Servlet 'dispatcherServlet'
2024-03-05 12:55:39 [http-nio-8083-exec-2] INFO  o.s.web.servlet.DispatcherServlet -
				Completed initialization in 3 ms
2024-03-05 12:55:40 [http-nio-8083-exec-2] INFO  g.a.controller.ControllerUCRM -
				Class : ControllerUCRM - Method : ReceiveMessage
2024-03-05 12:55:40 [http-nio-8083-exec-2] INFO  g.a.controller.ControllerUCRM -
				topic_id : firsttopic
2024-03-05 12:55:40 [http-nio-8083-exec-2] INFO  g.apiClient.service.ServiceWebClient -
				===== GetApiRequet =====
2024-03-05 12:55:40 [http-nio-8083-exec-2] INFO  gc.apiClient.service.ServiceJson -
				===== ExtractValCrm12 =====
2024-03-05 12:55:40 [http-nio-8083-exec-2] INFO  gc.apiClient.service.ServiceJson -
				result : 97e6b32d-c266-4d33-92b4-01ddf33898cd::[hg] 테스트 시연
2024-03-05 12:55:40 [http-nio-8083-exec-2] INFO  gc.apiClient.service.ServicePostgre -
				===== createCampMaMsg =====
2024-03-05 12:55:40 [http-nio-8083-exec-2] INFO  gc.apiClient.service.ServicePostgre -
				cpid : 97e6b32d-c266-4d33-92b4-01ddf33898cd
2024-03-05 12:55:40 [http-nio-8083-exec-2] INFO  gc.apiClient.service.ServicePostgre -
				coid : 23
2024-03-05 12:55:40 [http-nio-8083-exec-2] INFO  gc.apiClient.service.ServicePostgre -
				cpna : [hg] 테스트 시연
2024-03-05 12:55:40 [http-nio-8083-exec-2] INFO  g.a.controller.ControllerUCRM -
				jsonString : {"coid":23,"cpid":"97e6b32d-c266-4d33-92b4-01ddf33898cd","cpna":"[hg] 테스트 시연"}
2024-03-05 12:55:40 [http-nio-8083-exec-2] INFO  g.a.kafkamessages.MessageToProducer -
				===== sendMsgToProducer =====
2024-03-05 12:55:40 [http-nio-8083-exec-2] INFO  g.a.kafkamessages.MessageToProducer -
				Endpoint : /gcapi/post/firsttopic
2024-03-05 12:55:40 [reactor-http-nio-14] ERROR g.a.kafkamessages.MessageToProducer -
				Error making API request: Connection refused: no further information: localhost/127.0.0.1:8081
2024-03-05 12:55:40 [http-nio-8083-exec-2] INFO  g.a.kafkamessages.MessageToProducer -
				Entity as JSON: {"coid":23,"cpid":"97e6b32d-c266-4d33-92b4-01ddf33898cd","cpna":"[hg] 테스트 시연"}
2024-03-05 12:55:40 [http-nio-8083-exec-2] ERROR g.a.controller.ControllerUCRM -
				DataIntegrityViolationException 발생 : Record with 'cpid' already exists.
2024-03-05 12:55:52 [test-task-scheduling1] INFO  g.a.controller.ControllerCALLBOT -
				Scheduled CallBot method started...
2024-03-05 12:55:52 [test-task-scheduling1] INFO  g.a.controller.ControllerCALLBOT -
				Class : ControllerCALLBOT - Method : ReceiveMessage
2024-03-05 12:55:52 [test-task-scheduling1] INFO  g.a.controller.ControllerCALLBOT -
				topic_id : firsttopic
2024-03-05 12:55:52 [test-task-scheduling1] INFO  g.apiClient.service.ServiceWebClient -
				===== GetApiRequet =====
2024-03-05 12:55:52 [test-task-scheduling1] INFO  gc.apiClient.service.ServiceJson -
				===== ExtractValCrm12 =====
2024-03-05 12:55:52 [test-task-scheduling1] INFO  gc.apiClient.service.ServiceJson -
				result : 97e6b32d-c266-4d33-92b4-01ddf33898cd::[hg] 테스트 시연
2024-03-05 12:55:52 [test-task-scheduling1] INFO  gc.apiClient.service.ServicePostgre -
				===== createCampMaMsg =====
2024-03-05 12:55:52 [test-task-scheduling1] INFO  gc.apiClient.service.ServicePostgre -
				cpid : 97e6b32d-c266-4d33-92b4-01ddf33898cd
2024-03-05 12:55:52 [test-task-scheduling1] INFO  gc.apiClient.service.ServicePostgre -
				coid : 23
2024-03-05 12:55:52 [test-task-scheduling1] INFO  gc.apiClient.service.ServicePostgre -
				cpna : [hg] 테스트 시연
2024-03-05 12:55:52 [test-task-scheduling1] INFO  g.a.controller.ControllerCALLBOT -
				jsonString : {"coid":23,"cpid":"97e6b32d-c266-4d33-92b4-01ddf33898cd","cpna":"[hg] 테스트 시연"}
2024-03-05 12:55:52 [test-task-scheduling1] INFO  g.a.kafkamessages.MessageToProducer -
				===== sendMsgToProducer =====
2024-03-05 12:55:52 [test-task-scheduling1] INFO  g.a.kafkamessages.MessageToProducer -
				Endpoint : /apicallbot/post/firsttopic
2024-03-05 12:55:52 [reactor-http-nio-16] ERROR g.a.kafkamessages.MessageToProducer -
				Error making API request: Connection refused: no further information: localhost/127.0.0.1:8081
2024-03-05 12:55:52 [test-task-scheduling1] INFO  g.a.kafkamessages.MessageToProducer -
				Entity as JSON: {"coid":23,"cpid":"97e6b32d-c266-4d33-92b4-01ddf33898cd","cpna":"[hg] 테스트 시연"}
2024-03-05 12:55:52 [test-task-scheduling1] ERROR g.a.controller.ControllerCALLBOT -
				DataIntegrityViolationException 발생 : Record with 'cpid' already exists.
2024-03-05 12:56:22 [test-task-scheduling2] INFO  g.a.controller.ControllerCALLBOT -
				Scheduled CallBot method started...
2024-03-05 12:56:22 [test-task-scheduling4] INFO  g.a.controller.ControllerUCRM -
				Scheduled method started...
2024-03-05 12:56:22 [test-task-scheduling4] INFO  g.a.controller.ControllerUCRM -
				Class : ControllerUCRM - Method : ReceiveMessage
2024-03-05 12:56:22 [test-task-scheduling2] INFO  g.a.controller.ControllerCALLBOT -
				Class : ControllerCALLBOT - Method : ReceiveMessage
2024-03-05 12:56:22 [test-task-scheduling2] INFO  g.a.controller.ControllerCALLBOT -
				topic_id : firsttopic
2024-03-05 12:56:22 [test-task-scheduling4] INFO  g.a.controller.ControllerUCRM -
				topic_id : firsttopic
2024-03-05 12:56:22 [test-task-scheduling4] INFO  g.apiClient.service.ServiceWebClient -
				===== GetApiRequet =====
2024-03-05 12:56:22 [test-task-scheduling2] INFO  g.apiClient.service.ServiceWebClient -
				===== GetApiRequet =====
2024-03-05 12:56:22 [test-task-scheduling4] INFO  gc.apiClient.service.ServiceJson -
				===== ExtractValCrm12 =====
2024-03-05 12:56:22 [test-task-scheduling4] INFO  gc.apiClient.service.ServiceJson -
				result : 97e6b32d-c266-4d33-92b4-01ddf33898cd::[hg] 테스트 시연
2024-03-05 12:56:22 [test-task-scheduling2] INFO  gc.apiClient.service.ServiceJson -
				===== ExtractValCrm12 =====
2024-03-05 12:56:22 [test-task-scheduling4] INFO  gc.apiClient.service.ServicePostgre -
				===== createCampMaMsg =====
2024-03-05 12:56:22 [test-task-scheduling2] INFO  gc.apiClient.service.ServiceJson -
				result : 97e6b32d-c266-4d33-92b4-01ddf33898cd::[hg] 테스트 시연
2024-03-05 12:56:22 [test-task-scheduling4] INFO  gc.apiClient.service.ServicePostgre -
				cpid : 97e6b32d-c266-4d33-92b4-01ddf33898cd
2024-03-05 12:56:22 [test-task-scheduling4] INFO  gc.apiClient.service.ServicePostgre -
				coid : 23
2024-03-05 12:56:22 [test-task-scheduling4] INFO  gc.apiClient.service.ServicePostgre -
				cpna : [hg] 테스트 시연
2024-03-05 12:56:22 [test-task-scheduling4] INFO  g.a.controller.ControllerUCRM -
				jsonString : {"coid":23,"cpid":"97e6b32d-c266-4d33-92b4-01ddf33898cd","cpna":"[hg] 테스트 시연"}
2024-03-05 12:56:22 [test-task-scheduling4] INFO  g.a.kafkamessages.MessageToProducer -
				===== sendMsgToProducer =====
2024-03-05 12:56:22 [test-task-scheduling4] INFO  g.a.kafkamessages.MessageToProducer -
				Endpoint : /gcapi/post/firsttopic
2024-03-05 12:56:22 [reactor-http-nio-2] ERROR g.a.kafkamessages.MessageToProducer -
				Error making API request: Connection refused: no further information: localhost/127.0.0.1:8081
2024-03-05 12:56:22 [test-task-scheduling4] INFO  g.a.kafkamessages.MessageToProducer -
				Entity as JSON: {"coid":23,"cpid":"97e6b32d-c266-4d33-92b4-01ddf33898cd","cpna":"[hg] 테스트 시연"}
2024-03-05 12:56:22 [test-task-scheduling2] INFO  gc.apiClient.service.ServicePostgre -
				===== createCampMaMsg =====
2024-03-05 12:56:22 [test-task-scheduling2] INFO  gc.apiClient.service.ServicePostgre -
				cpid : 97e6b32d-c266-4d33-92b4-01ddf33898cd
2024-03-05 12:56:22 [test-task-scheduling2] INFO  gc.apiClient.service.ServicePostgre -
				coid : 23
2024-03-05 12:56:22 [test-task-scheduling2] INFO  gc.apiClient.service.ServicePostgre -
				cpna : [hg] 테스트 시연
2024-03-05 12:56:22 [test-task-scheduling2] INFO  g.a.controller.ControllerCALLBOT -
				jsonString : {"coid":23,"cpid":"97e6b32d-c266-4d33-92b4-01ddf33898cd","cpna":"[hg] 테스트 시연"}
2024-03-05 12:56:22 [test-task-scheduling2] INFO  g.a.kafkamessages.MessageToProducer -
				===== sendMsgToProducer =====
2024-03-05 12:56:22 [test-task-scheduling4] ERROR g.a.controller.ControllerUCRM -
				DataIntegrityViolationException 발생 : Record with 'cpid' already exists.
2024-03-05 12:56:22 [test-task-scheduling2] INFO  g.a.kafkamessages.MessageToProducer -
				Endpoint : /apicallbot/post/firsttopic
2024-03-05 12:56:22 [reactor-http-nio-4] ERROR g.a.kafkamessages.MessageToProducer -
				Error making API request: Connection refused: no further information: localhost/127.0.0.1:8081
2024-03-05 12:56:22 [test-task-scheduling2] INFO  g.a.kafkamessages.MessageToProducer -
				Entity as JSON: {"coid":23,"cpid":"97e6b32d-c266-4d33-92b4-01ddf33898cd","cpna":"[hg] 테스트 시연"}
2024-03-05 12:56:22 [test-task-scheduling2] ERROR g.a.controller.ControllerCALLBOT -
				DataIntegrityViolationException 발생 : Record with 'cpid' already exists.
2024-03-05 12:56:32 [http-nio-8083-exec-3] INFO  g.a.controller.ControllerUCRM -
				Class : ControllerUCRM - Method : ReceiveMessage
2024-03-05 12:56:32 [http-nio-8083-exec-3] INFO  g.a.controller.ControllerUCRM -
				topic_id : firsttopic
2024-03-05 12:56:32 [http-nio-8083-exec-3] INFO  g.apiClient.service.ServiceWebClient -
				===== GetApiRequet =====
2024-03-05 12:56:33 [http-nio-8083-exec-3] INFO  gc.apiClient.service.ServiceJson -
				===== ExtractValCrm12 =====
2024-03-05 12:56:33 [http-nio-8083-exec-3] INFO  gc.apiClient.service.ServiceJson -
				result : 97e6b32d-c266-4d33-92b4-01ddf33898cd::[hg] 테스트 시연
2024-03-05 12:56:33 [http-nio-8083-exec-3] INFO  gc.apiClient.service.ServicePostgre -
				===== createCampMaMsg =====
2024-03-05 12:56:33 [http-nio-8083-exec-3] INFO  gc.apiClient.service.ServicePostgre -
				cpid : 97e6b32d-c266-4d33-92b4-01ddf33898cd
2024-03-05 12:56:33 [http-nio-8083-exec-3] INFO  gc.apiClient.service.ServicePostgre -
				coid : 23
2024-03-05 12:56:33 [http-nio-8083-exec-3] INFO  gc.apiClient.service.ServicePostgre -
				cpna : [hg] 테스트 시연
2024-03-05 12:56:33 [http-nio-8083-exec-3] INFO  g.a.controller.ControllerUCRM -
				jsonString : {"coid":23,"cpid":"97e6b32d-c266-4d33-92b4-01ddf33898cd","cpna":"[hg] 테스트 시연"}
2024-03-05 12:56:33 [http-nio-8083-exec-3] INFO  g.a.kafkamessages.MessageToProducer -
				===== sendMsgToProducer =====
2024-03-05 12:56:33 [http-nio-8083-exec-3] INFO  g.a.kafkamessages.MessageToProducer -
				Endpoint : /gcapi/post/firsttopic
2024-03-05 12:56:33 [reactor-http-nio-6] ERROR g.a.kafkamessages.MessageToProducer -
				Error making API request: Connection refused: no further information: localhost/127.0.0.1:8081
2024-03-05 12:56:33 [http-nio-8083-exec-3] INFO  g.a.kafkamessages.MessageToProducer -
				Entity as JSON: {"coid":23,"cpid":"97e6b32d-c266-4d33-92b4-01ddf33898cd","cpna":"[hg] 테스트 시연"}
2024-03-05 12:56:33 [http-nio-8083-exec-3] ERROR g.a.controller.ControllerUCRM -
				DataIntegrityViolationException 발생 : Record with 'cpid' already exists.
2024-03-05 12:56:52 [test-task-scheduling1] INFO  g.a.controller.ControllerCALLBOT -
				Scheduled CallBot method started...
2024-03-05 12:56:52 [test-task-scheduling1] INFO  g.a.controller.ControllerCALLBOT -
				Class : ControllerCALLBOT - Method : ReceiveMessage
2024-03-05 12:56:52 [test-task-scheduling1] INFO  g.a.controller.ControllerCALLBOT -
				topic_id : firsttopic
2024-03-05 12:56:52 [test-task-scheduling1] INFO  g.apiClient.service.ServiceWebClient -
				===== GetApiRequet =====
2024-03-05 12:56:52 [test-task-scheduling1] INFO  gc.apiClient.service.ServiceJson -
				===== ExtractValCrm12 =====
2024-03-05 12:56:52 [test-task-scheduling1] INFO  gc.apiClient.service.ServiceJson -
				result : 97e6b32d-c266-4d33-92b4-01ddf33898cd::[hg] 테스트 시연
2024-03-05 12:56:52 [test-task-scheduling1] INFO  gc.apiClient.service.ServicePostgre -
				===== createCampMaMsg =====
2024-03-05 12:56:52 [test-task-scheduling1] INFO  gc.apiClient.service.ServicePostgre -
				cpid : 97e6b32d-c266-4d33-92b4-01ddf33898cd
2024-03-05 12:56:52 [test-task-scheduling1] INFO  gc.apiClient.service.ServicePostgre -
				coid : 23
2024-03-05 12:56:52 [test-task-scheduling1] INFO  gc.apiClient.service.ServicePostgre -
				cpna : [hg] 테스트 시연
2024-03-05 12:56:52 [test-task-scheduling1] INFO  g.a.controller.ControllerCALLBOT -
				jsonString : {"coid":23,"cpid":"97e6b32d-c266-4d33-92b4-01ddf33898cd","cpna":"[hg] 테스트 시연"}
2024-03-05 12:56:52 [test-task-scheduling1] INFO  g.a.kafkamessages.MessageToProducer -
				===== sendMsgToProducer =====
2024-03-05 12:56:52 [test-task-scheduling1] INFO  g.a.kafkamessages.MessageToProducer -
				Endpoint : /apicallbot/post/firsttopic
2024-03-05 12:56:52 [reactor-http-nio-8] ERROR g.a.kafkamessages.MessageToProducer -
				Error making API request: Connection refused: no further information: localhost/127.0.0.1:8081
2024-03-05 12:56:52 [test-task-scheduling1] INFO  g.a.kafkamessages.MessageToProducer -
				Entity as JSON: {"coid":23,"cpid":"97e6b32d-c266-4d33-92b4-01ddf33898cd","cpna":"[hg] 테스트 시연"}
2024-03-05 12:56:52 [test-task-scheduling1] ERROR g.a.controller.ControllerCALLBOT -
				DataIntegrityViolationException 발생 : Record with 'cpid' already exists.
2024-03-05 12:57:22 [test-task-scheduling4] INFO  g.a.controller.ControllerUCRM -
				Scheduled method started...
2024-03-05 12:57:22 [test-task-scheduling4] INFO  g.a.controller.ControllerUCRM -
				Class : ControllerUCRM - Method : ReceiveMessage
2024-03-05 12:57:22 [test-task-scheduling4] INFO  g.a.controller.ControllerUCRM -
				topic_id : firsttopic
2024-03-05 12:57:22 [test-task-scheduling4] INFO  g.apiClient.service.ServiceWebClient -
				===== GetApiRequet =====
2024-03-05 12:57:22 [test-task-scheduling5] INFO  g.a.controller.ControllerCALLBOT -
				Scheduled CallBot method started...
2024-03-05 12:57:22 [test-task-scheduling5] INFO  g.a.controller.ControllerCALLBOT -
				Class : ControllerCALLBOT - Method : ReceiveMessage
2024-03-05 12:57:22 [test-task-scheduling5] INFO  g.a.controller.ControllerCALLBOT -
				topic_id : firsttopic
2024-03-05 12:57:22 [test-task-scheduling5] INFO  g.apiClient.service.ServiceWebClient -
				===== GetApiRequet =====
2024-03-05 12:57:22 [test-task-scheduling4] INFO  gc.apiClient.service.ServiceJson -
				===== ExtractValCrm12 =====
2024-03-05 12:57:22 [test-task-scheduling4] INFO  gc.apiClient.service.ServiceJson -
				result : 97e6b32d-c266-4d33-92b4-01ddf33898cd::[hg] 테스트 시연
2024-03-05 12:57:22 [test-task-scheduling4] INFO  gc.apiClient.service.ServicePostgre -
				===== createCampMaMsg =====
2024-03-05 12:57:22 [test-task-scheduling4] INFO  gc.apiClient.service.ServicePostgre -
				cpid : 97e6b32d-c266-4d33-92b4-01ddf33898cd
2024-03-05 12:57:22 [test-task-scheduling4] INFO  gc.apiClient.service.ServicePostgre -
				coid : 23
2024-03-05 12:57:22 [test-task-scheduling4] INFO  gc.apiClient.service.ServicePostgre -
				cpna : [hg] 테스트 시연
2024-03-05 12:57:22 [test-task-scheduling4] INFO  g.a.controller.ControllerUCRM -
				jsonString : {"coid":23,"cpid":"97e6b32d-c266-4d33-92b4-01ddf33898cd","cpna":"[hg] 테스트 시연"}
2024-03-05 12:57:22 [test-task-scheduling5] INFO  gc.apiClient.service.ServiceJson -
				===== ExtractValCrm12 =====
2024-03-05 12:57:22 [test-task-scheduling4] INFO  g.a.kafkamessages.MessageToProducer -
				===== sendMsgToProducer =====
2024-03-05 12:57:22 [test-task-scheduling4] INFO  g.a.kafkamessages.MessageToProducer -
				Endpoint : /gcapi/post/firsttopic
2024-03-05 12:57:22 [test-task-scheduling5] INFO  gc.apiClient.service.ServiceJson -
				result : 97e6b32d-c266-4d33-92b4-01ddf33898cd::[hg] 테스트 시연
2024-03-05 12:57:22 [test-task-scheduling5] INFO  gc.apiClient.service.ServicePostgre -
				===== createCampMaMsg =====
2024-03-05 12:57:22 [reactor-http-nio-10] ERROR g.a.kafkamessages.MessageToProducer -
				Error making API request: Connection refused: no further information: localhost/127.0.0.1:8081
2024-03-05 12:57:22 [test-task-scheduling5] INFO  gc.apiClient.service.ServicePostgre -
				cpid : 97e6b32d-c266-4d33-92b4-01ddf33898cd
2024-03-05 12:57:22 [test-task-scheduling4] INFO  g.a.kafkamessages.MessageToProducer -
				Entity as JSON: {"coid":23,"cpid":"97e6b32d-c266-4d33-92b4-01ddf33898cd","cpna":"[hg] 테스트 시연"}
2024-03-05 12:57:22 [test-task-scheduling5] INFO  gc.apiClient.service.ServicePostgre -
				coid : 23
2024-03-05 12:57:22 [test-task-scheduling5] INFO  gc.apiClient.service.ServicePostgre -
				cpna : [hg] 테스트 시연
2024-03-05 12:57:22 [test-task-scheduling5] INFO  g.a.controller.ControllerCALLBOT -
				jsonString : {"coid":23,"cpid":"97e6b32d-c266-4d33-92b4-01ddf33898cd","cpna":"[hg] 테스트 시연"}
2024-03-05 12:57:22 [test-task-scheduling5] INFO  g.a.kafkamessages.MessageToProducer -
				===== sendMsgToProducer =====
2024-03-05 12:57:22 [test-task-scheduling5] INFO  g.a.kafkamessages.MessageToProducer -
				Endpoint : /apicallbot/post/firsttopic
2024-03-05 12:57:22 [test-task-scheduling4] ERROR g.a.controller.ControllerUCRM -
				DataIntegrityViolationException 발생 : Record with 'cpid' already exists.
2024-03-05 12:57:22 [reactor-http-nio-12] ERROR g.a.kafkamessages.MessageToProducer -
				Error making API request: Connection refused: no further information: localhost/127.0.0.1:8081
2024-03-05 12:57:22 [test-task-scheduling5] INFO  g.a.kafkamessages.MessageToProducer -
				Entity as JSON: {"coid":23,"cpid":"97e6b32d-c266-4d33-92b4-01ddf33898cd","cpna":"[hg] 테스트 시연"}
2024-03-05 12:57:22 [test-task-scheduling5] ERROR g.a.controller.ControllerCALLBOT -
				DataIntegrityViolationException 발생 : Record with 'cpid' already exists.
